2020-01-26 20:17:50,969 INFO [Test worker] c.r.t.t.TestBase [TestBase.java:22] Start testtestLoginwith parameters[]
2020-01-26 20:18:53,106 ERROR [Test worker] c.r.t.u.Listener [Listener.java:21] testLogin Failed
org.openqa.selenium.NoSuchElementException: no such element: Unable to locate element: {"method":"css selector","selector":"#use"}
  (Session info: chrome=79.0.3945.130)
For documentation on this error, please visit: https://www.seleniumhq.org/exceptions/no_such_element.html
Build info: version: '3.141.59', revision: 'e82be7d358', time: '2018-11-14T08:17:03'
System info: host: 'DESKTOP-TU4L92H', ip: '192.168.56.1', os.name: 'Windows 10', os.arch: 'amd64', os.version: '10.0', java.version: '1.8.0_231'
Driver info: org.openqa.selenium.chrome.ChromeDriver
Capabilities {acceptInsecureCerts: false, browserName: chrome, browserVersion: 79.0.3945.130, chrome: {chromedriverVersion: 79.0.3945.36 (3582db32b3389..., userDataDir: C:\Users\romic\AppData\Loca...}, goog:chromeOptions: {debuggerAddress: localhost:49755}, javascriptEnabled: true, networkConnectionEnabled: false, pageLoadStrategy: normal, platform: WINDOWS, platformName: WINDOWS, proxy: Proxy(), setWindowRect: true, strictFileInteractability: false, timeouts: {implicit: 0, pageLoad: 300000, script: 30000}, unhandledPromptBehavior: dismiss and notify}
Session ID: cc00a5e89b790063fdfb401310455cfa
*** Element info: {Using=id, value=use}
2020-01-26 20:18:53,456 INFO [Test worker] c.r.t.m.ApplicationManager [ApplicationManager.java:64] 
Created screenshot: C:\Users\romic\Documents\GitHub\trello_selenium_tests_Roman\src\test\screenshots\screen-1580062733440.png
2020-01-26 20:18:53,456 INFO [Test worker] c.r.t.t.TestBase [TestBase.java:27] Stop testtestLogin
2020-01-26 20:18:53,456 INFO [Test worker] c.r.t.t.TestBase [TestBase.java:22] Start testtestLoginAgainwith parameters[]
2020-01-26 20:19:53,581 ERROR [Test worker] c.r.t.u.Listener [Listener.java:21] testLoginAgain Failed
org.openqa.selenium.NoSuchElementException: no such element: Unable to locate element: {"method":"css selector","selector":"[href='/login']"}
  (Session info: chrome=79.0.3945.130)
For documentation on this error, please visit: https://www.seleniumhq.org/exceptions/no_such_element.html
Build info: version: '3.141.59', revision: 'e82be7d358', time: '2018-11-14T08:17:03'
System info: host: 'DESKTOP-TU4L92H', ip: '192.168.56.1', os.name: 'Windows 10', os.arch: 'amd64', os.version: '10.0', java.version: '1.8.0_231'
Driver info: org.openqa.selenium.chrome.ChromeDriver
Capabilities {acceptInsecureCerts: false, browserName: chrome, browserVersion: 79.0.3945.130, chrome: {chromedriverVersion: 79.0.3945.36 (3582db32b3389..., userDataDir: C:\Users\romic\AppData\Loca...}, goog:chromeOptions: {debuggerAddress: localhost:49755}, javascriptEnabled: true, networkConnectionEnabled: false, pageLoadStrategy: normal, platform: WINDOWS, platformName: WINDOWS, proxy: Proxy(), setWindowRect: true, strictFileInteractability: false, timeouts: {implicit: 0, pageLoad: 300000, script: 30000}, unhandledPromptBehavior: dismiss and notify}
Session ID: cc00a5e89b790063fdfb401310455cfa
*** Element info: {Using=css selector, value=[href='/login']}
2020-01-26 20:19:53,938 INFO [Test worker] c.r.t.m.ApplicationManager [ApplicationManager.java:64] 
Created screenshot: C:\Users\romic\Documents\GitHub\trello_selenium_tests_Roman\src\test\screenshots\screen-1580062793938.png
2020-01-26 20:19:53,938 INFO [Test worker] c.r.t.t.TestBase [TestBase.java:27] Stop testtestLoginAgain
