<?xml version="1.0" encoding="UTF-8"?>
<testsuite name="com.roman.trello.tests.ChangeUserAvatarTest" tests="2" skipped="1" failures="0" errors="0" timestamp="2020-02-02T17:20:23" hostname="DESKTOP-TU4L92H" time="101.175">
  <properties/>
  <testcase name="testChangeAvatar" classname="com.roman.trello.tests.ChangeUserAvatarTest" time="70.822"/>
  <testcase name="testHeaderImage" classname="com.roman.trello.tests.ChangeUserAvatarTest" time="30.338">
    <skipped/>
  </testcase>
  <system-out><![CDATA[19:20:23.635 [Test worker] INFO  com.roman.trello.tests.TestBase - Start testtestChangeAvatarwith parameters[]
19:20:23.692 [Test worker] INFO  com.roman.trello.tests.TestBase - avatar before:
19:20:24.112 [Test worker] INFO  c.r.t.manager.ApplicationManager - 
Created screenshot: C:\Users\romic\Documents\GitHub\trello_selenium_tests_Roman\src\test\screenshots\screen-1580664024101.png
19:21:34.174 [Test worker] INFO  com.roman.trello.tests.TestBase - avatar after:
19:21:34.513 [Test worker] INFO  c.r.t.manager.ApplicationManager - 
Created screenshot: C:\Users\romic\Documents\GitHub\trello_selenium_tests_Roman\src\test\screenshots\screen-1580664094497.png
19:21:34.513 [Test worker] INFO  com.roman.trello.utils.Listener - testChangeAvatarPassed Successful 
19:21:34.513 [Test worker] INFO  com.roman.trello.tests.TestBase - Stop testtestChangeAvatar
19:21:34.513 [Test worker] INFO  com.roman.trello.tests.TestBase - Start testtestHeaderImagewith parameters[]
19:21:34.528 [Test worker] INFO  com.roman.trello.tests.TestBase - avatar before:
19:21:39.164 [Test worker] INFO  c.r.t.manager.ApplicationManager - 
Created screenshot: C:\Users\romic\Documents\GitHub\trello_selenium_tests_Roman\src\test\screenshots\screen-1580664099162.png
19:22:04.835 [Test worker] INFO  com.roman.trello.tests.TestBase - avatar after:
19:22:04.850 [Test worker] ERROR com.roman.trello.utils.Listener - testHeaderImage Failed
org.openqa.selenium.NoSuchWindowException: no such window: target window already closed
from unknown error: web view not found
  (Session info: chrome=79.0.3945.130)
Build info: version: '3.141.59', revision: 'e82be7d358', time: '2018-11-14T08:17:03'
System info: host: 'DESKTOP-TU4L92H', ip: '192.168.56.1', os.name: 'Windows 10', os.arch: 'amd64', os.version: '10.0', java.version: '1.8.0_231'
Driver info: org.openqa.selenium.chrome.ChromeDriver
Capabilities {acceptInsecureCerts: false, browserName: chrome, browserVersion: 79.0.3945.130, chrome: {chromedriverVersion: 79.0.3945.36 (3582db32b3389..., userDataDir: C:\Users\romic\AppData\Loca...}, goog:chromeOptions: {debuggerAddress: localhost:56860}, javascriptEnabled: true, networkConnectionEnabled: false, pageLoadStrategy: normal, platform: WINDOWS, platformName: WINDOWS, proxy: Proxy(), setWindowRect: true, strictFileInteractability: false, timeouts: {implicit: 0, pageLoad: 300000, script: 30000}, unhandledPromptBehavior: dismiss and notify}
Session ID: 2836ab276e1e5422978d5f7ab4101e7f
19:22:04.850 [Test worker] ERROR com.roman.trello.utils.Listener - testHeaderImage Failed
org.openqa.selenium.NoSuchWindowException: no such window: target window already closed
from unknown error: web view not found
  (Session info: chrome=79.0.3945.130)
Build info: version: '3.141.59', revision: 'e82be7d358', time: '2018-11-14T08:17:03'
System info: host: 'DESKTOP-TU4L92H', ip: '192.168.56.1', os.name: 'Windows 10', os.arch: 'amd64', os.version: '10.0', java.version: '1.8.0_231'
Driver info: org.openqa.selenium.chrome.ChromeDriver
Capabilities {acceptInsecureCerts: false, browserName: chrome, browserVersion: 79.0.3945.130, chrome: {chromedriverVersion: 79.0.3945.36 (3582db32b3389..., userDataDir: C:\Users\romic\AppData\Loca...}, goog:chromeOptions: {debuggerAddress: localhost:56860}, javascriptEnabled: true, networkConnectionEnabled: false, pageLoadStrategy: normal, platform: WINDOWS, platformName: WINDOWS, proxy: Proxy(), setWindowRect: true, strictFileInteractability: false, timeouts: {implicit: 0, pageLoad: 300000, script: 30000}, unhandledPromptBehavior: dismiss and notify}
Session ID: 2836ab276e1e5422978d5f7ab4101e7f
]]></system-out>
  <system-err><![CDATA[[1580664027.303][WARNING]: Timed out connecting to Chrome, retrying...
[1580664096.841][WARNING]: Timed out connecting to Chrome, retrying...
]]></system-err>
</testsuite>
